<?xml version="1.0" encoding="UTF-8"?>
<!-- Generated by org.testng.reporters.JUnitReportReporter -->
<testsuite hostname="DESKTOP-ABLUACG" failures="0" tests="5" name="ProductRepositoryTest" time="0.016" errors="0" timestamp="2023-01-22T19:57:47 MSK" skipped="0">
  <testcase classname="ProductRepositoryTest" name="addedOneProduct" time="0.016"/>
  <system-out/>
  <testcase classname="ProductRepositoryTest" name="addedProduct" time="0.000"/>
  <system-out/>
  <testcase classname="ProductRepositoryTest" name="deleteProduct" time="0.000"/>
  <system-out/>
  <testcase classname="ProductRepositoryTest" name="saveOneProduct" time="0.000"/>
  <system-out/>
  <testcase classname="ProductRepositoryTest" name="addedTwoProduct" time="0.000"/>
  <system-out/>
</testsuite> <!-- ProductRepositoryTest -->
